[2019-07-25 19:37:05.183] [exthost] [info] extension host started
[2019-07-25 19:37:05.793] [exthost] [info] ExtensionService#_doActivateExtension ms-vscode.cpptools {"startup":false,"activationEvent":"onLanguage:cpp"}
[2019-07-25 19:37:05.794] [exthost] [info] ExtensionService#loadCommonJSModule /home/chandra/.vscode/extensions/ms-vscode.cpptools-0.24.0-insiders2/dist/main
[2019-07-25 19:37:06.864] [exthost] [info] ExtensionService#_doActivateExtension tchojnacki.cpp-compile {"startup":false,"activationEvent":"onLanguage:cpp"}
[2019-07-25 19:37:06.864] [exthost] [info] ExtensionService#loadCommonJSModule /home/chandra/.vscode/extensions/tchojnacki.cpp-compile-0.0.2/extension
[2019-07-25 19:37:07.346] [exthost] [info] ExtensionService#_doActivateExtension vscode.debug-auto-launch {"startup":true,"activationEvent":"*"}
[2019-07-25 19:37:07.346] [exthost] [info] ExtensionService#loadCommonJSModule /usr/share/code/resources/app/extensions/debug-auto-launch/dist/extension
[2019-07-25 19:37:08.874] [exthost] [info] ExtensionService#_doActivateExtension vscode.emmet {"startup":true,"activationEvent":"*"}
[2019-07-25 19:37:08.874] [exthost] [info] ExtensionService#loadCommonJSModule /usr/share/code/resources/app/extensions/emmet/dist/extension
[2019-07-25 19:37:09.905] [exthost] [info] ExtensionService#_doActivateExtension vscode.git {"startup":true,"activationEvent":"*"}
[2019-07-25 19:37:09.905] [exthost] [info] ExtensionService#loadCommonJSModule /usr/share/code/resources/app/extensions/git/dist/main
[2019-07-25 19:37:10.928] [exthost] [info] ExtensionService#_doActivateExtension vscode.merge-conflict {"startup":true,"activationEvent":"*"}
[2019-07-25 19:37:10.928] [exthost] [info] ExtensionService#loadCommonJSModule /usr/share/code/resources/app/extensions/merge-conflict/dist/extension
[2019-07-25 19:37:11.827] [exthost] [info] ExtensionService#_doActivateExtension gorbenko.adonis-js-autocomplete {"startup":true,"activationEvent":"*"}
[2019-07-25 19:37:11.827] [exthost] [info] ExtensionService#loadCommonJSModule /home/chandra/.vscode/extensions/gorbenko.adonis-js-autocomplete-0.0.1/src/extension
[2019-07-25 19:37:12.322] [exthost] [info] ExtensionService#_doActivateExtension PKief.material-icon-theme {"startup":true,"activationEvent":"*"}
[2019-07-25 19:37:12.322] [exthost] [info] ExtensionService#loadCommonJSModule /home/chandra/.vscode/extensions/pkief.material-icon-theme-3.8.0/dist/extension
[2019-07-25 19:37:12.778] [exthost] [info] ExtensionService#_doActivateExtension yokoe.vscode-postfix-go {"startup":true,"activationEvent":"*"}
[2019-07-25 19:37:12.778] [exthost] [info] ExtensionService#loadCommonJSModule /home/chandra/.vscode/extensions/yokoe.vscode-postfix-go-0.0.12/out/src/extension
[2019-07-25 19:37:15.985] [exthost] [info] eager extensions activated
[2019-07-25 19:37:23.485] [exthost] [info] ExtensionService#_doActivateExtension vscode.configuration-editing {"startup":false,"activationEvent":"onLanguage:json"}
[2019-07-25 19:37:23.485] [exthost] [info] ExtensionService#loadCommonJSModule /usr/share/code/resources/app/extensions/configuration-editing/dist/extension
[2019-07-25 19:37:24.193] [exthost] [info] ExtensionService#_doActivateExtension vscode.extension-editing {"startup":false,"activationEvent":"onLanguage:json"}
[2019-07-25 19:37:24.193] [exthost] [info] ExtensionService#loadCommonJSModule /usr/share/code/resources/app/extensions/extension-editing/dist/extension
[2019-07-25 19:37:24.860] [exthost] [info] ExtensionService#_doActivateExtension vscode.json-language-features {"startup":false,"activationEvent":"onLanguage:json"}
[2019-07-25 19:37:24.860] [exthost] [info] ExtensionService#loadCommonJSModule /usr/share/code/resources/app/extensions/json-language-features/client/dist/jsonMain
[2019-07-25 19:37:25.563] [exthost] [info] ExtensionService#_doActivateExtension vscode.npm {"startup":false,"activationEvent":"onLanguage:json"}
[2019-07-25 19:37:25.563] [exthost] [info] ExtensionService#loadCommonJSModule /usr/share/code/resources/app/extensions/npm/dist/main
[2019-07-25 19:37:25.844] [exthost] [info] ExtensionService#_doActivateExtension vscode.typescript-language-features {"startup":false,"activationEvent":"onLanguage:typescript"}
[2019-07-25 19:37:25.844] [exthost] [info] ExtensionService#loadCommonJSModule /usr/share/code/resources/app/extensions/typescript-language-features/dist/extension
[2019-07-25 19:41:42.427] [exthost] [info] extension host started
[2019-07-25 19:41:42.468] [exthost] [info] ExtensionService#_doActivateExtension vscode.debug-auto-launch {"startup":true,"activationEvent":"*"}
[2019-07-25 19:41:42.468] [exthost] [info] ExtensionService#loadCommonJSModule /usr/share/code/resources/app/extensions/debug-auto-launch/dist/extension
[2019-07-25 19:41:42.527] [exthost] [info] ExtensionService#_doActivateExtension vscode.emmet {"startup":true,"activationEvent":"*"}
[2019-07-25 19:41:42.527] [exthost] [info] ExtensionService#loadCommonJSModule /usr/share/code/resources/app/extensions/emmet/dist/extension
[2019-07-25 19:41:42.645] [exthost] [info] ExtensionService#_doActivateExtension vscode.git {"startup":true,"activationEvent":"*"}
[2019-07-25 19:41:42.645] [exthost] [info] ExtensionService#loadCommonJSModule /usr/share/code/resources/app/extensions/git/dist/main
[2019-07-25 19:41:42.962] [exthost] [info] ExtensionService#_doActivateExtension vscode.merge-conflict {"startup":true,"activationEvent":"*"}
[2019-07-25 19:41:42.962] [exthost] [info] ExtensionService#loadCommonJSModule /usr/share/code/resources/app/extensions/merge-conflict/dist/extension
[2019-07-25 19:41:43.006] [exthost] [info] ExtensionService#_doActivateExtension gorbenko.adonis-js-autocomplete {"startup":true,"activationEvent":"*"}
[2019-07-25 19:41:43.007] [exthost] [info] ExtensionService#loadCommonJSModule /home/chandra/.vscode/extensions/gorbenko.adonis-js-autocomplete-0.0.1/src/extension
[2019-07-25 19:41:43.057] [exthost] [info] ExtensionService#_doActivateExtension ms-vscode.cpptools {"startup":true,"activationEvent":"*"}
[2019-07-25 19:41:43.057] [exthost] [info] ExtensionService#loadCommonJSModule /home/chandra/.vscode/extensions/ms-vscode.cpptools-0.24.1/dist/main
[2019-07-25 19:41:43.504] [exthost] [info] ExtensionService#_doActivateExtension PKief.material-icon-theme {"startup":true,"activationEvent":"*"}
[2019-07-25 19:41:43.504] [exthost] [info] ExtensionService#loadCommonJSModule /home/chandra/.vscode/extensions/pkief.material-icon-theme-3.8.1/dist/extension
[2019-07-25 19:41:43.554] [exthost] [info] ExtensionService#_doActivateExtension yokoe.vscode-postfix-go {"startup":true,"activationEvent":"*"}
[2019-07-25 19:41:43.554] [exthost] [info] ExtensionService#loadCommonJSModule /home/chandra/.vscode/extensions/yokoe.vscode-postfix-go-0.0.12/out/src/extension
[2019-07-25 19:41:43.757] [exthost] [info] eager extensions activated
[2019-07-25 19:42:05.569] [exthost] [info] ExtensionService#_doActivateExtension vscode.typescript-language-features {"startup":false,"activationEvent":"onLanguage:javascript"}
[2019-07-25 19:42:05.570] [exthost] [info] ExtensionService#loadCommonJSModule /usr/share/code/resources/app/extensions/typescript-language-features/dist/extension
[2019-07-25 19:42:06.094] [exthost] [info] ExtensionService#_doActivateExtension clinyong.vscode-css-modules {"startup":false,"activationEvent":"onLanguage:javascript"}
[2019-07-25 19:42:06.094] [exthost] [info] ExtensionService#loadCommonJSModule /home/chandra/.vscode/extensions/clinyong.vscode-css-modules-0.2.3/out/src/extension
[2019-07-25 19:43:49.541] [exthost] [info] ExtensionService#_doActivateExtension vscode.extension-editing {"startup":false,"activationEvent":"onLanguage:typescript"}
[2019-07-25 19:43:49.542] [exthost] [info] ExtensionService#loadCommonJSModule /usr/share/code/resources/app/extensions/extension-editing/dist/extension
