[2019-06-25 12:55:07.589] [sharedprocess] [info] main {"machineId":"82e35773826176e235739afe9d84addbb3e4b468c972eae40a69b8a5bf0bc0e1"}
[2019-06-25 12:55:08.962] [sharedprocess] [info] Scanned user extensions: 10
[2019-06-25 12:55:12.428] [sharedprocess] [info] Scanned system extensions: 72
[2019-06-25 12:55:12.437] [sharedprocess] [info] Deleted from disk ms-vscode.cpptools /home/chandra/.vscode/extensions/ms-vscode.cpptools-0.23.1
[2019-06-25 12:55:19.217] [sharedprocess] [info] Scanned user extensions: 10
[2019-06-25 12:55:19.334] [sharedprocess] [info] Scanned system extensions: 72
[2019-06-25 12:55:19.837] [sharedprocess] [info] Scanned user extensions: 10
[2019-06-25 12:55:19.960] [sharedprocess] [info] Scanned system extensions: 72
[2019-06-25 12:55:20.356] [sharedprocess] [info] Scanned user extensions: 10
[2019-06-25 12:55:20.760] [sharedprocess] [info] Scanned system extensions: 72
[2019-06-25 12:55:21.008] [sharedprocess] [info] Scanned user extensions: 10
[2019-06-25 12:55:21.103] [sharedprocess] [info] Scanned system extensions: 72
[2019-06-25 12:55:47.499] [sharedprocess] [info] Starting to clean up unused language packs.
[2019-06-25 12:55:51.792] [sharedprocess] [info] Scanned user extensions: 10
[2019-06-25 13:01:23.513] [sharedprocess] [info] Scanned user extensions: 10
[2019-06-25 13:06:57.210] [sharedprocess] [info] Scanned user extensions: 10
[2019-06-25 13:12:28.700] [sharedprocess] [info] Scanned user extensions: 10
[2019-06-25 13:17:59.315] [sharedprocess] [info] Scanned user extensions: 10
[2019-06-25 13:23:08.200] [sharedprocess] [info] Scanned user extensions: 10
[2019-06-25 13:28:09.264] [sharedprocess] [info] Scanned user extensions: 10
[2019-06-25 13:33:14.088] [sharedprocess] [info] Scanned user extensions: 10
[2019-06-25 13:38:14.875] [sharedprocess] [info] Scanned user extensions: 10
[2019-06-25 13:43:15.537] [sharedprocess] [info] Scanned user extensions: 10
[2019-06-25 13:48:15.602] [sharedprocess] [info] Scanned user extensions: 10
[2019-06-25 13:53:15.804] [sharedprocess] [info] Scanned user extensions: 10
[2019-06-25 13:58:16.234] [sharedprocess] [info] Scanned user extensions: 10
[2019-06-25 14:03:16.953] [sharedprocess] [info] Scanned user extensions: 10
[2019-06-25 14:08:17.354] [sharedprocess] [info] Scanned user extensions: 10
[2019-06-25 14:13:17.410] [sharedprocess] [info] Scanned user extensions: 10
[2019-06-25 14:18:17.457] [sharedprocess] [info] Scanned user extensions: 10
[2019-06-25 14:23:19.041] [sharedprocess] [info] Scanned user extensions: 10
[2019-06-25 14:28:19.336] [sharedprocess] [info] Scanned user extensions: 10
[2019-06-25 14:33:19.950] [sharedprocess] [info] Scanned user extensions: 10
[2019-06-25 14:38:20.356] [sharedprocess] [info] Scanned user extensions: 10
[2019-06-25 14:43:21.399] [sharedprocess] [info] Scanned user extensions: 10
[2019-06-25 14:48:23.232] [sharedprocess] [info] Scanned user extensions: 10
[2019-06-25 14:53:34.773] [sharedprocess] [info] Scanned user extensions: 10
[2019-06-25 14:58:35.056] [sharedprocess] [info] Scanned user extensions: 10
[2019-06-25 15:03:35.240] [sharedprocess] [info] Scanned user extensions: 10
