[2019-06-26 23:58:24.854] [sharedprocess] [info] main {"machineId":"82e35773826176e235739afe9d84addbb3e4b468c972eae40a69b8a5bf0bc0e1"}
[2019-06-26 23:58:27.270] [sharedprocess] [info] Scanned user extensions: 10
[2019-06-26 23:58:29.426] [sharedprocess] [info] Scanned system extensions: 72
[2019-06-26 23:58:29.532] [sharedprocess] [info] Deleted from disk ms-vscode.cpptools /home/chandra/.vscode/extensions/ms-vscode.cpptools-0.24.0-insiders
[2019-06-26 23:58:34.204] [sharedprocess] [info] Scanned user extensions: 10
[2019-06-26 23:58:34.211] [sharedprocess] [info] Scanned user extensions: 10
[2019-06-26 23:58:34.330] [sharedprocess] [info] Scanned system extensions: 72
[2019-06-26 23:58:34.345] [sharedprocess] [info] Scanned system extensions: 72
[2019-06-26 23:58:35.324] [sharedprocess] [info] Scanned user extensions: 10
[2019-06-26 23:58:35.378] [sharedprocess] [info] Scanned system extensions: 72
[2019-06-26 23:58:39.844] [sharedprocess] [info] Scanned user extensions: 10
[2019-06-26 23:59:03.123] [sharedprocess] [info] Scanned user extensions: 10
[2019-06-26 23:59:04.532] [sharedprocess] [info] Starting to clean up unused language packs.
[2019-06-26 23:59:05.475] [sharedprocess] [info] Scanned system extensions: 72
[2019-06-26 23:59:08.836] [sharedprocess] [info] Scanned user extensions: 10
[2019-06-26 23:59:08.899] [sharedprocess] [info] Scanned system extensions: 72
[2019-06-27 00:00:15.555] [sharedprocess] [info] Scanned user extensions: 10
[2019-06-27 00:00:16.932] [sharedprocess] [info] Scanned system extensions: 72
[2019-06-27 00:00:17.056] [sharedprocess] [info] Scanned user extensions: 10
[2019-06-27 00:00:17.116] [sharedprocess] [info] Scanned system extensions: 72
[2019-06-27 00:03:48.112] [sharedprocess] [info] Scanned user extensions: 10
[2019-06-27 00:08:48.256] [sharedprocess] [info] Scanned user extensions: 10
[2019-06-27 00:13:50.284] [sharedprocess] [info] Scanned user extensions: 10
[2019-06-27 00:18:51.177] [sharedprocess] [info] Scanned user extensions: 10
[2019-06-27 00:23:52.205] [sharedprocess] [info] Scanned user extensions: 10
[2019-06-27 00:28:52.270] [sharedprocess] [info] Scanned user extensions: 10
[2019-06-27 00:33:54.147] [sharedprocess] [info] Scanned user extensions: 10
[2019-06-27 00:38:57.127] [sharedprocess] [info] Scanned user extensions: 10
[2019-06-27 00:44:07.788] [sharedprocess] [info] Scanned user extensions: 10
[2019-06-27 00:49:10.600] [sharedprocess] [info] Scanned user extensions: 10
[2019-06-27 00:54:11.873] [sharedprocess] [info] Scanned user extensions: 10
[2019-06-27 00:59:12.900] [sharedprocess] [info] Scanned user extensions: 10
[2019-06-27 01:04:14.119] [sharedprocess] [info] Scanned user extensions: 10
[2019-06-27 01:09:14.230] [sharedprocess] [info] Scanned user extensions: 10
[2019-06-27 01:14:14.408] [sharedprocess] [info] Scanned user extensions: 10
[2019-06-27 01:19:14.529] [sharedprocess] [info] Scanned user extensions: 10
[2019-06-27 01:24:14.688] [sharedprocess] [info] Scanned user extensions: 10
[2019-06-27 01:29:14.782] [sharedprocess] [info] Scanned user extensions: 10
[2019-06-27 01:34:14.977] [sharedprocess] [info] Scanned user extensions: 10
