[2019-06-27 01:45:15.549] [exthost] [info] extension host started
[2019-06-27 01:45:15.762] [exthost] [info] ExtensionService#_doActivateExtension vscode.debug-auto-launch {"startup":true,"activationEvent":"*"}
[2019-06-27 01:45:15.762] [exthost] [info] ExtensionService#loadCommonJSModule /usr/share/code/resources/app/extensions/debug-auto-launch/dist/extension
[2019-06-27 01:45:15.789] [exthost] [info] ExtensionService#_doActivateExtension vscode.emmet {"startup":true,"activationEvent":"*"}
[2019-06-27 01:45:15.789] [exthost] [info] ExtensionService#loadCommonJSModule /usr/share/code/resources/app/extensions/emmet/dist/extension
[2019-06-27 01:45:15.859] [exthost] [info] ExtensionService#_doActivateExtension vscode.git {"startup":true,"activationEvent":"*"}
[2019-06-27 01:45:15.859] [exthost] [info] ExtensionService#loadCommonJSModule /usr/share/code/resources/app/extensions/git/dist/main
[2019-06-27 01:45:16.213] [exthost] [info] ExtensionService#_doActivateExtension vscode.merge-conflict {"startup":true,"activationEvent":"*"}
[2019-06-27 01:45:16.213] [exthost] [info] ExtensionService#loadCommonJSModule /usr/share/code/resources/app/extensions/merge-conflict/dist/extension
[2019-06-27 01:45:16.250] [exthost] [info] ExtensionService#_doActivateExtension gorbenko.adonis-js-autocomplete {"startup":true,"activationEvent":"*"}
[2019-06-27 01:45:16.250] [exthost] [info] ExtensionService#loadCommonJSModule /home/chandra/.vscode/extensions/gorbenko.adonis-js-autocomplete-0.0.1/src/extension
[2019-06-27 01:45:16.308] [exthost] [info] ExtensionService#_doActivateExtension ms-vscode.cpptools {"startup":true,"activationEvent":"*"}
[2019-06-27 01:45:16.308] [exthost] [info] ExtensionService#loadCommonJSModule /home/chandra/.vscode/extensions/ms-vscode.cpptools-0.24.0-insiders2/dist/main
[2019-06-27 01:45:16.822] [exthost] [info] ExtensionService#_doActivateExtension PKief.material-icon-theme {"startup":true,"activationEvent":"*"}
[2019-06-27 01:45:16.822] [exthost] [info] ExtensionService#loadCommonJSModule /home/chandra/.vscode/extensions/pkief.material-icon-theme-3.8.0/dist/extension
[2019-06-27 01:45:16.882] [exthost] [info] ExtensionService#_doActivateExtension yokoe.vscode-postfix-go {"startup":true,"activationEvent":"*"}
[2019-06-27 01:45:16.882] [exthost] [info] ExtensionService#loadCommonJSModule /home/chandra/.vscode/extensions/yokoe.vscode-postfix-go-0.0.12/out/src/extension
[2019-06-27 01:45:17.103] [exthost] [info] eager extensions activated
[2019-06-27 01:45:20.190] [exthost] [info] ExtensionService#_doActivateExtension tchojnacki.cpp-compile {"startup":false,"activationEvent":"onLanguage:cpp"}
[2019-06-27 01:45:20.190] [exthost] [info] ExtensionService#loadCommonJSModule /home/chandra/.vscode/extensions/tchojnacki.cpp-compile-0.0.2/extension
[2019-06-27 01:45:37.187] [exthost] [info] extension host started
[2019-06-27 01:45:37.400] [exthost] [info] ExtensionService#_doActivateExtension ms-vscode.cpptools {"startup":false,"activationEvent":"onLanguage:cpp"}
[2019-06-27 01:45:37.401] [exthost] [info] ExtensionService#loadCommonJSModule /home/chandra/.vscode/extensions/ms-vscode.cpptools-0.24.0-insiders2/dist/main
[2019-06-27 01:45:38.170] [exthost] [info] ExtensionService#_doActivateExtension tchojnacki.cpp-compile {"startup":false,"activationEvent":"onLanguage:cpp"}
[2019-06-27 01:45:38.170] [exthost] [info] ExtensionService#loadCommonJSModule /home/chandra/.vscode/extensions/tchojnacki.cpp-compile-0.0.2/extension
[2019-06-27 01:45:38.202] [exthost] [info] ExtensionService#_doActivateExtension vscode.debug-auto-launch {"startup":true,"activationEvent":"*"}
[2019-06-27 01:45:38.202] [exthost] [info] ExtensionService#loadCommonJSModule /usr/share/code/resources/app/extensions/debug-auto-launch/dist/extension
[2019-06-27 01:45:38.237] [exthost] [info] ExtensionService#_doActivateExtension vscode.emmet {"startup":true,"activationEvent":"*"}
[2019-06-27 01:45:38.237] [exthost] [info] ExtensionService#loadCommonJSModule /usr/share/code/resources/app/extensions/emmet/dist/extension
[2019-06-27 01:45:38.306] [exthost] [info] ExtensionService#_doActivateExtension vscode.git {"startup":true,"activationEvent":"*"}
[2019-06-27 01:45:38.306] [exthost] [info] ExtensionService#loadCommonJSModule /usr/share/code/resources/app/extensions/git/dist/main
[2019-06-27 01:45:38.623] [exthost] [info] ExtensionService#_doActivateExtension vscode.merge-conflict {"startup":true,"activationEvent":"*"}
[2019-06-27 01:45:38.623] [exthost] [info] ExtensionService#loadCommonJSModule /usr/share/code/resources/app/extensions/merge-conflict/dist/extension
[2019-06-27 01:45:38.652] [exthost] [info] ExtensionService#_doActivateExtension gorbenko.adonis-js-autocomplete {"startup":true,"activationEvent":"*"}
[2019-06-27 01:45:38.652] [exthost] [info] ExtensionService#loadCommonJSModule /home/chandra/.vscode/extensions/gorbenko.adonis-js-autocomplete-0.0.1/src/extension
[2019-06-27 01:45:38.699] [exthost] [info] ExtensionService#_doActivateExtension PKief.material-icon-theme {"startup":true,"activationEvent":"*"}
[2019-06-27 01:45:38.699] [exthost] [info] ExtensionService#loadCommonJSModule /home/chandra/.vscode/extensions/pkief.material-icon-theme-3.8.0/dist/extension
[2019-06-27 01:45:38.760] [exthost] [info] ExtensionService#_doActivateExtension yokoe.vscode-postfix-go {"startup":true,"activationEvent":"*"}
[2019-06-27 01:45:38.760] [exthost] [info] ExtensionService#loadCommonJSModule /home/chandra/.vscode/extensions/yokoe.vscode-postfix-go-0.0.12/out/src/extension
[2019-06-27 01:45:39.184] [exthost] [info] eager extensions activated
[2019-06-27 02:02:25.493] [exthost] [info] ExtensionService#_doActivateExtension vscode.configuration-editing {"startup":false,"activationEvent":"onLanguage:jsonc"}
[2019-06-27 02:02:25.493] [exthost] [info] ExtensionService#loadCommonJSModule /usr/share/code/resources/app/extensions/configuration-editing/dist/extension
[2019-06-27 02:02:25.716] [exthost] [info] ExtensionService#_doActivateExtension vscode.json-language-features {"startup":false,"activationEvent":"onLanguage:jsonc"}
[2019-06-27 02:02:25.716] [exthost] [info] ExtensionService#loadCommonJSModule /usr/share/code/resources/app/extensions/json-language-features/client/dist/jsonMain
[2019-06-27 02:02:26.279] [exthost] [info] ExtensionService#_doActivateExtension vscode.typescript-language-features {"startup":false,"activationEvent":"onLanguage:jsonc"}
[2019-06-27 02:02:26.279] [exthost] [info] ExtensionService#loadCommonJSModule /usr/share/code/resources/app/extensions/typescript-language-features/dist/extension
