[2019-06-26 14:51:58.028] [sharedprocess] [info] main {"machineId":"82e35773826176e235739afe9d84addbb3e4b468c972eae40a69b8a5bf0bc0e1"}
[2019-06-26 14:51:58.615] [sharedprocess] [info] Scanned user extensions: 10
[2019-06-26 14:51:58.775] [sharedprocess] [info] Scanned user extensions: 10
[2019-06-26 14:51:58.780] [sharedprocess] [info] Scanned user extensions: 10
[2019-06-26 14:51:59.071] [sharedprocess] [info] Scanned system extensions: 72
[2019-06-26 14:51:59.125] [sharedprocess] [info] Scanned system extensions: 72
[2019-06-26 14:51:59.143] [sharedprocess] [info] Scanned system extensions: 72
[2019-06-26 14:51:59.455] [sharedprocess] [info] Scanned user extensions: 10
[2019-06-26 14:51:59.699] [sharedprocess] [info] Scanned system extensions: 72
[2019-06-26 14:52:00.516] [sharedprocess] [info] Scanned user extensions: 10
[2019-06-26 14:52:37.835] [sharedprocess] [info] Starting to clean up unused language packs.
[2019-06-26 14:56:10.138] [sharedprocess] [info] Scanned user extensions: 10
[2019-06-26 14:56:10.400] [sharedprocess] [info] Scanned system extensions: 72
[2019-06-26 14:56:10.840] [sharedprocess] [info] Scanned user extensions: 10
[2019-06-26 14:56:10.992] [sharedprocess] [info] Scanned system extensions: 72
[2019-06-26 14:56:36.949] [sharedprocess] [info] Scanned user extensions: 10
[2019-06-26 14:56:36.953] [sharedprocess] [info] Installing the extension: ms-vscode.cpptools
[2019-06-26 14:56:45.294] [sharedprocess] [info] Extracted extension to /home/chandra/.vscode/extensions/.ms-vscode.cpptools-0.24.0-insiders2: ms-vscode.cpptools
[2019-06-26 14:56:45.295] [sharedprocess] [info] Renamed to /home/chandra/.vscode/extensions/ms-vscode.cpptools-0.24.0-insiders2
[2019-06-26 14:56:45.303] [sharedprocess] [info] Installation completed. ms-vscode.cpptools
[2019-06-26 14:56:45.421] [sharedprocess] [info] Successfully installed the extension: ms-vscode.cpptools
[2019-06-26 14:57:00.617] [sharedprocess] [info] Scanned user extensions: 10
[2019-06-26 15:00:03.925] [sharedprocess] [info] Scanned user extensions: 10
[2019-06-26 15:00:03.928] [sharedprocess] [info] Scanned system extensions: 72
[2019-06-26 15:00:04.075] [sharedprocess] [info] Scanned user extensions: 10
[2019-06-26 15:00:04.135] [sharedprocess] [info] Scanned system extensions: 72
[2019-06-26 15:02:00.698] [sharedprocess] [info] Scanned user extensions: 10
[2019-06-26 15:07:01.119] [sharedprocess] [info] Scanned user extensions: 10
[2019-06-26 15:12:01.381] [sharedprocess] [info] Scanned user extensions: 10
[2019-06-26 15:17:01.430] [sharedprocess] [info] Scanned user extensions: 10
[2019-06-26 15:22:01.486] [sharedprocess] [info] Scanned user extensions: 10
[2019-06-26 15:27:01.536] [sharedprocess] [info] Scanned user extensions: 10
[2019-06-26 15:32:02.336] [sharedprocess] [info] Scanned user extensions: 10
[2019-06-26 15:37:02.384] [sharedprocess] [info] Scanned user extensions: 10
[2019-06-26 15:42:02.431] [sharedprocess] [info] Scanned user extensions: 10
[2019-06-26 15:47:02.481] [sharedprocess] [info] Scanned user extensions: 10
[2019-06-26 15:52:02.531] [sharedprocess] [info] Scanned user extensions: 10
[2019-06-26 15:57:02.580] [sharedprocess] [info] Scanned user extensions: 10
[2019-06-26 16:02:02.637] [sharedprocess] [info] Scanned user extensions: 10
[2019-06-26 16:07:02.683] [sharedprocess] [info] Scanned user extensions: 10
[2019-06-26 16:12:02.735] [sharedprocess] [info] Scanned user extensions: 10
[2019-06-26 16:17:02.787] [sharedprocess] [info] Scanned user extensions: 10
[2019-06-26 16:22:02.837] [sharedprocess] [info] Scanned user extensions: 10
[2019-06-26 16:27:02.882] [sharedprocess] [info] Scanned user extensions: 10
[2019-06-26 16:32:03.010] [sharedprocess] [info] Scanned user extensions: 10
[2019-06-26 16:37:03.060] [sharedprocess] [info] Scanned user extensions: 10
[2019-06-26 16:42:03.105] [sharedprocess] [info] Scanned user extensions: 10
[2019-06-26 16:47:03.168] [sharedprocess] [info] Scanned user extensions: 10
[2019-06-26 16:52:03.222] [sharedprocess] [info] Scanned user extensions: 10
[2019-06-26 16:57:03.275] [sharedprocess] [info] Scanned user extensions: 10
[2019-06-26 17:02:03.320] [sharedprocess] [info] Scanned user extensions: 10
[2019-06-26 17:07:03.367] [sharedprocess] [info] Scanned user extensions: 10
[2019-06-26 17:12:03.414] [sharedprocess] [info] Scanned user extensions: 10
[2019-06-26 17:17:03.461] [sharedprocess] [info] Scanned user extensions: 10
[2019-06-26 17:22:03.509] [sharedprocess] [info] Scanned user extensions: 10
[2019-06-26 17:27:03.554] [sharedprocess] [info] Scanned user extensions: 10
[2019-06-26 17:32:03.681] [sharedprocess] [info] Scanned user extensions: 10
[2019-06-26 17:37:03.732] [sharedprocess] [info] Scanned user extensions: 10
[2019-06-26 17:42:03.781] [sharedprocess] [info] Scanned user extensions: 10
[2019-06-26 17:47:05.041] [sharedprocess] [info] Scanned user extensions: 10
[2019-06-26 17:52:05.324] [sharedprocess] [info] Scanned user extensions: 10
[2019-06-26 17:57:05.450] [sharedprocess] [info] Scanned user extensions: 10
[2019-06-26 18:02:05.925] [sharedprocess] [info] Scanned user extensions: 10
[2019-06-26 18:07:06.121] [sharedprocess] [info] Scanned user extensions: 10
[2019-06-26 18:12:06.595] [sharedprocess] [info] Scanned user extensions: 10
[2019-06-26 18:17:07.289] [sharedprocess] [info] Scanned user extensions: 10
[2019-06-26 18:22:07.354] [sharedprocess] [info] Scanned user extensions: 10
[2019-06-26 18:27:07.900] [sharedprocess] [info] Scanned user extensions: 10
[2019-06-26 18:32:09.062] [sharedprocess] [info] Scanned user extensions: 10
[2019-06-26 18:37:09.310] [sharedprocess] [info] Scanned user extensions: 10
[2019-06-26 18:42:09.397] [sharedprocess] [info] Scanned user extensions: 10
[2019-06-26 18:47:09.924] [sharedprocess] [info] Scanned user extensions: 10
[2019-06-26 18:52:11.156] [sharedprocess] [info] Scanned user extensions: 10
[2019-06-26 18:57:11.355] [sharedprocess] [info] Scanned user extensions: 10
[2019-06-26 19:02:11.408] [sharedprocess] [info] Scanned user extensions: 10
[2019-06-26 19:07:11.464] [sharedprocess] [info] Scanned user extensions: 10
[2019-06-26 19:12:11.512] [sharedprocess] [info] Scanned user extensions: 10
[2019-06-26 19:17:11.557] [sharedprocess] [info] Scanned user extensions: 10
[2019-06-26 19:22:12.545] [sharedprocess] [info] Scanned user extensions: 10
[2019-06-26 19:27:12.592] [sharedprocess] [info] Scanned user extensions: 10
[2019-06-26 19:32:13.688] [sharedprocess] [info] Scanned user extensions: 10
[2019-06-26 19:37:13.731] [sharedprocess] [info] Scanned user extensions: 10
[2019-06-26 19:42:13.803] [sharedprocess] [info] Scanned user extensions: 10
[2019-06-26 19:47:16.705] [sharedprocess] [info] Scanned user extensions: 10
[2019-06-26 19:52:17.217] [sharedprocess] [info] Scanned user extensions: 10
[2019-06-26 19:57:20.417] [sharedprocess] [info] Scanned user extensions: 10
[2019-06-26 20:02:21.001] [sharedprocess] [info] Scanned user extensions: 10
[2019-06-26 20:07:22.044] [sharedprocess] [info] Scanned user extensions: 10
[2019-06-26 20:12:25.180] [sharedprocess] [info] Scanned user extensions: 10
[2019-06-26 20:17:27.043] [sharedprocess] [info] Scanned user extensions: 10
[2019-06-26 20:22:27.360] [sharedprocess] [info] Scanned user extensions: 10
[2019-06-26 20:27:27.590] [sharedprocess] [info] Scanned user extensions: 10
[2019-06-26 20:32:30.325] [sharedprocess] [info] Scanned user extensions: 10
[2019-06-26 20:37:30.458] [sharedprocess] [info] Scanned user extensions: 10
[2019-06-26 20:42:30.702] [sharedprocess] [info] Scanned user extensions: 10
[2019-06-26 20:47:30.968] [sharedprocess] [info] Scanned user extensions: 10
[2019-06-26 20:52:37.022] [sharedprocess] [info] Scanned user extensions: 10
[2019-06-26 20:57:37.425] [sharedprocess] [info] Scanned user extensions: 10
[2019-06-26 21:02:37.571] [sharedprocess] [info] Scanned user extensions: 10
[2019-06-26 21:07:38.287] [sharedprocess] [info] Scanned user extensions: 10
[2019-06-26 21:12:38.377] [sharedprocess] [info] Scanned user extensions: 10
[2019-06-26 21:17:38.459] [sharedprocess] [info] Scanned user extensions: 10
