[2019-06-26 14:52:00.240] [exthost] [info] extension host started
[2019-06-26 14:52:00.353] [exthost] [info] ExtensionService#_doActivateExtension vscode.debug-auto-launch {"startup":true,"activationEvent":"*"}
[2019-06-26 14:52:00.353] [exthost] [info] ExtensionService#loadCommonJSModule /usr/share/code/resources/app/extensions/debug-auto-launch/dist/extension
[2019-06-26 14:52:00.369] [exthost] [info] ExtensionService#_doActivateExtension vscode.emmet {"startup":true,"activationEvent":"*"}
[2019-06-26 14:52:00.369] [exthost] [info] ExtensionService#loadCommonJSModule /usr/share/code/resources/app/extensions/emmet/dist/extension
[2019-06-26 14:52:00.481] [exthost] [info] ExtensionService#_doActivateExtension vscode.git {"startup":true,"activationEvent":"*"}
[2019-06-26 14:52:00.481] [exthost] [info] ExtensionService#loadCommonJSModule /usr/share/code/resources/app/extensions/git/dist/main
[2019-06-26 14:52:00.802] [exthost] [info] ExtensionService#_doActivateExtension vscode.merge-conflict {"startup":true,"activationEvent":"*"}
[2019-06-26 14:52:00.802] [exthost] [info] ExtensionService#loadCommonJSModule /usr/share/code/resources/app/extensions/merge-conflict/dist/extension
[2019-06-26 14:52:00.818] [exthost] [info] ExtensionService#_doActivateExtension gorbenko.adonis-js-autocomplete {"startup":true,"activationEvent":"*"}
[2019-06-26 14:52:00.818] [exthost] [info] ExtensionService#loadCommonJSModule /home/chandra/.vscode/extensions/gorbenko.adonis-js-autocomplete-0.0.1/src/extension
[2019-06-26 14:52:00.823] [exthost] [info] ExtensionService#_doActivateExtension PKief.material-icon-theme {"startup":true,"activationEvent":"*"}
[2019-06-26 14:52:00.823] [exthost] [info] ExtensionService#loadCommonJSModule /home/chandra/.vscode/extensions/pkief.material-icon-theme-3.8.0/dist/extension
[2019-06-26 14:52:00.879] [exthost] [info] ExtensionService#_doActivateExtension yokoe.vscode-postfix-go {"startup":true,"activationEvent":"*"}
[2019-06-26 14:52:00.879] [exthost] [info] ExtensionService#loadCommonJSModule /home/chandra/.vscode/extensions/yokoe.vscode-postfix-go-0.0.12/out/src/extension
[2019-06-26 14:52:00.926] [exthost] [info] eager extensions activated
[2019-06-26 14:56:09.695] [exthost] [info] ExtensionService#_doActivateExtension ms-vscode.cpptools {"startup":false,"activationEvent":"onLanguage:cpp"}
[2019-06-26 14:56:09.695] [exthost] [info] ExtensionService#loadCommonJSModule /home/chandra/.vscode/extensions/ms-vscode.cpptools-0.24.0-insiders/dist/main
[2019-06-26 14:56:10.749] [exthost] [info] ExtensionService#_doActivateExtension tchojnacki.cpp-compile {"startup":false,"activationEvent":"onLanguage:cpp"}
[2019-06-26 14:56:10.749] [exthost] [info] ExtensionService#loadCommonJSModule /home/chandra/.vscode/extensions/tchojnacki.cpp-compile-0.0.2/extension
[2019-06-26 15:00:21.515] [exthost] [info] ExtensionService#_doActivateExtension vscode.configuration-editing {"startup":false,"activationEvent":"onLanguage:jsonc"}
[2019-06-26 15:00:21.515] [exthost] [info] ExtensionService#loadCommonJSModule /usr/share/code/resources/app/extensions/configuration-editing/dist/extension
[2019-06-26 15:00:21.633] [exthost] [info] ExtensionService#_doActivateExtension vscode.json-language-features {"startup":false,"activationEvent":"onLanguage:jsonc"}
[2019-06-26 15:00:21.633] [exthost] [info] ExtensionService#loadCommonJSModule /usr/share/code/resources/app/extensions/json-language-features/client/dist/jsonMain
[2019-06-26 15:00:21.915] [exthost] [info] ExtensionService#_doActivateExtension vscode.typescript-language-features {"startup":false,"activationEvent":"onLanguage:jsonc"}
[2019-06-26 15:00:21.915] [exthost] [info] ExtensionService#loadCommonJSModule /usr/share/code/resources/app/extensions/typescript-language-features/dist/extension
[2019-06-26 15:05:29.403] [exthost] [error] onWillSaveTextDocument-listener from extension 'ms-vscode.cpptools' threw ERROR
[2019-06-26 15:05:29.412] [exthost] [error] Error: timeout
	at Timeout.define._deliverEventAsync.setTimeout [as _onTimeout] (/usr/share/code/resources/app/out/vs/workbench/services/extensions/node/extensionHostProcess.js:452:964)
	at ontimeout (timers.js:427:11)
	at tryOnTimeout (timers.js:289:5)
	at listOnTimeout (timers.js:252:5)
	at Timer.processTimers (timers.js:212:10)
[2019-06-26 19:29:45.782] [exthost] [error] onWillSaveTextDocument-listener from extension 'ms-vscode.cpptools' threw ERROR
[2019-06-26 19:29:45.942] [exthost] [error] Error: timeout
	at Timeout.define._deliverEventAsync.setTimeout [as _onTimeout] (/usr/share/code/resources/app/out/vs/workbench/services/extensions/node/extensionHostProcess.js:452:964)
	at ontimeout (timers.js:427:11)
	at tryOnTimeout (timers.js:289:5)
	at listOnTimeout (timers.js:252:5)
	at Timer.processTimers (timers.js:212:10)
